#
# There is insufficient memory for the Java Runtime Environment to continue.
# Native memory allocation (malloc) failed to allocate 131088 bytes for Chunk::new
# Possible reasons:
#   The system is out of physical RAM or swap space
#   In 32 bit mode, the process size limit was hit
# Possible solutions:
#   Reduce memory load on the system
#   Increase physical memory or swap space
#   Check if swap backing store is full
#   Use 64 bit Java on a 64 bit OS
#   Decrease Java heap size (-Xmx/-Xms)
#   Decrease number of Java threads
#   Decrease Java thread stack sizes (-Xss)
#   Set larger code cache with -XX:ReservedCodeCacheSize=
# This output file may be truncated or incomplete.
#
#  Out of Memory Error (allocation.cpp:390), pid=434112, tid=0x0000000000051794
#
# JRE version: Java(TM) SE Runtime Environment (8.0_161-b12) (build 1.8.0_161-b12)
# Java VM: Java HotSpot(TM) 64-Bit Server VM (25.161-b12 mixed mode windows-amd64 compressed oops)
# Failed to write core dump. Minidumps are not enabled by default on client versions of Windows
#

---------------  T H R E A D  ---------------

Current thread (0x000000001a5c2000):  JavaThread "C2 CompilerThread1" daemon [_thread_in_native, id=333716, stack(0x000000001ae60000,0x000000001af60000)]

Stack: [0x000000001ae60000,0x000000001af60000]
[error occurred during error reporting (printing stack bounds), id 0xc0000005]

Native frames: (J=compiled Java code, j=interpreted, Vv=VM code, C=native code)


Current CompileTask:
C2:  19960 5795       4       java.net.URLClassLoader$1::run (5 bytes)


---------------  P R O C E S S  ---------------

Java Threads: ( => current thread )
  0x000000001ddbd800 JavaThread "Druid-ConnectionPool-Destroy-1035681719" daemon [_thread_blocked, id=434568, stack(0x00000000246f0000,0x00000000247f0000)]
  0x000000001ddc2800 JavaThread "Druid-ConnectionPool-Create-1035681719" daemon [_thread_blocked, id=434564, stack(0x000000001e510000,0x000000001e610000)]
  0x000000001ddc1800 JavaThread "mysql-cj-abandoned-connection-cleanup" daemon [_thread_blocked, id=434532, stack(0x000000001dfb0000,0x000000001e0b0000)]
  0x000000001a637000 JavaThread "Service Thread" daemon [_thread_blocked, id=417300, stack(0x000000001b160000,0x000000001b260000)]
  0x000000001a5ee000 JavaThread "C1 CompilerThread3" daemon [_thread_blocked, id=419756, stack(0x000000001b060000,0x000000001b160000)]
  0x000000001a5d2000 JavaThread "C2 CompilerThread2" daemon [_thread_blocked, id=412176, stack(0x000000001af60000,0x000000001b060000)]
=>0x000000001a5c2000 JavaThread "C2 CompilerThread1" daemon [_thread_in_native, id=333716, stack(0x000000001ae60000,0x000000001af60000)]
  0x000000001a5bd800 JavaThread "C2 CompilerThread0" daemon [_thread_in_native, id=411692, stack(0x000000001ad60000,0x000000001ae60000)]
  0x000000001a5b3800 JavaThread "Monitor Ctrl-Break" daemon [_thread_in_native, id=409112, stack(0x000000001ac60000,0x000000001ad60000)]
  0x000000001863b000 JavaThread "Attach Listener" daemon [_thread_blocked, id=417244, stack(0x000000001ab60000,0x000000001ac60000)]
  0x000000001a545000 JavaThread "Signal Dispatcher" daemon [_thread_blocked, id=419876, stack(0x000000001aa60000,0x000000001ab60000)]
  0x0000000018634000 JavaThread "Finalizer" daemon [_thread_blocked, id=357124, stack(0x000000001a900000,0x000000001aa00000)]
  0x000000001862d000 JavaThread "Reference Handler" daemon [_thread_blocked, id=404640, stack(0x000000001a400000,0x000000001a500000)]
  0x00000000034d2800 JavaThread "main" [_thread_in_Java, id=433640, stack(0x0000000003370000,0x0000000003470000)]

Other Threads:
  0x00000000035ce800 VMThread [stack: 0x000000001a300000,0x000000001a400000] [id=411404]
  0x000000001a72c000 WatcherThread [stack: 0x000000001b260000,0x000000001b360000] [id=418568]

VM state:not at safepoint (normal execution)

VM Mutex/Monitor currently owned by a thread: None

Heap:
 PSYoungGen      total 240128K, used 14167K [0x00000000d6200000, 0x00000000e5880000, 0x0000000100000000)
  eden space 230400K, 1% used [0x00000000d6200000,0x00000000d66581a0,0x00000000e4300000)
  from space 9728K, 99% used [0x00000000e4580000,0x00000000e4efdb88,0x00000000e4f00000)
  to   space 8704K, 0% used [0x00000000e5000000,0x00000000e5000000,0x00000000e5880000)
 ParOldGen       total 67584K, used 26839K [0x0000000082600000, 0x0000000086800000, 0x00000000d6200000)
  object space 67584K, 39% used [0x0000000082600000,0x0000000084035cd8,0x0000000086800000)
 Metaspace       used 54127K, capacity 57274K, committed 57384K, reserved 1099776K
  class space    used 7126K, capacity 7655K, committed 7728K, reserved 1048576K

Card table byte_map: [0x0000000012af0000,0x0000000012ee0000] byte_map_base: 0x00000000126dd000

Marking Bits: (ParMarkBitMap*) 0x0000000075c2f860
 Begin Bits: [0x0000000013980000, 0x00000000158e8000)
 End Bits:   [0x00000000158e8000, 0x0000000017850000)

Polling page: 0x00000000016a0000

CodeCache: size=245760Kb used=19934Kb max_used=21995Kb free=225825Kb
 bounds [0x0000000003730000, 0x0000000004cd0000, 0x0000000012730000]
 total_blobs=5604 nmethods=5080 adapters=436
 compilation: enabled

Compilation events (10 events):
Event: 19.941 Thread 0x000000001a5ee000 5811       1       org.apache.ibatis.mapping.ResultMapping::getNestedResultMapId (5 bytes)
Event: 19.942 Thread 0x000000001a5ee000 nmethod 5811 0x0000000003d9c950 code [0x0000000003d9caa0, 0x0000000003d9cbb0]
Event: 19.942 Thread 0x000000001a5ee000 5812       3       com.mysql.cj.jdbc.ConnectionImpl::getProxy (16 bytes)
Event: 19.942 Thread 0x000000001a5ee000 nmethod 5812 0x0000000003925950 code [0x0000000003925aa0, 0x0000000003925c50]
Event: 19.942 Thread 0x000000001a5ee000 5813       3       com.mysql.cj.jdbc.ConnectionImpl::getConnectionMutex (19 bytes)
Event: 19.942 Thread 0x000000001a5ee000 nmethod 5813 0x0000000003a95cd0 code [0x0000000003a95e40, 0x0000000003a960b0]
Event: 19.942 Thread 0x000000001a5ee000 5814       3       java.util.Calendar::internalGet (7 bytes)
Event: 19.942 Thread 0x000000001a5ee000 nmethod 5814 0x00000000038415d0 code [0x0000000003841720, 0x0000000003841890]
Event: 19.949 Thread 0x000000001a5ee000 5815       1       sun.util.calendar.CalendarDate::getYear (5 bytes)
Event: 19.950 Thread 0x000000001a5ee000 nmethod 5815 0x0000000003e2be10 code [0x0000000003e2bf60, 0x0000000003e2c070]

GC Heap History (10 events):
Event: 10.411 GC heap before
{Heap before GC invocations=11 (full 1):
 PSYoungGen      total 126464K, used 126107K [0x00000000d6200000, 0x00000000e1d80000, 0x0000000100000000)
  eden space 118272K, 99% used [0x00000000d6200000,0x00000000dd52e138,0x00000000dd580000)
  from space 8192K, 99% used [0x00000000dd580000,0x00000000ddd78e58,0x00000000ddd80000)
  to   space 9728K, 0% used [0x00000000e1400000,0x00000000e1400000,0x00000000e1d80000)
 ParOldGen       total 46592K, used 7561K [0x0000000082600000, 0x0000000085380000, 0x00000000d6200000)
  object space 46592K, 16% used [0x0000000082600000,0x0000000082d624f8,0x0000000085380000)
 Metaspace       used 33538K, capacity 35442K, committed 35496K, reserved 1079296K
  class space    used 4421K, capacity 4775K, committed 4784K, reserved 1048576K
Event: 10.431 GC heap after
Heap after GC invocations=11 (full 1):
 PSYoungGen      total 175616K, used 6085K [0x00000000d6200000, 0x00000000e1a00000, 0x0000000100000000)
  eden space 169472K, 0% used [0x00000000d6200000,0x00000000d6200000,0x00000000e0780000)
  from space 6144K, 99% used [0x00000000e1400000,0x00000000e19f1440,0x00000000e1a00000)
  to   space 9216K, 0% used [0x00000000e0800000,0x00000000e0800000,0x00000000e1100000)
 ParOldGen       total 46592K, used 10254K [0x0000000082600000, 0x0000000085380000, 0x00000000d6200000)
  object space 46592K, 22% used [0x0000000082600000,0x0000000083003910,0x0000000085380000)
 Metaspace       used 33538K, capacity 35442K, committed 35496K, reserved 1079296K
  class space    used 4421K, capacity 4775K, committed 4784K, reserved 1048576K
}
Event: 10.431 GC heap before
{Heap before GC invocations=12 (full 2):
 PSYoungGen      total 175616K, used 6085K [0x00000000d6200000, 0x00000000e1a00000, 0x0000000100000000)
  eden space 169472K, 0% used [0x00000000d6200000,0x00000000d6200000,0x00000000e0780000)
  from space 6144K, 99% used [0x00000000e1400000,0x00000000e19f1440,0x00000000e1a00000)
  to   space 9216K, 0% used [0x00000000e0800000,0x00000000e0800000,0x00000000e1100000)
 ParOldGen       total 46592K, used 10254K [0x0000000082600000, 0x0000000085380000, 0x00000000d6200000)
  object space 46592K, 22% used [0x0000000082600000,0x0000000083003910,0x0000000085380000)
 Metaspace       used 33538K, capacity 35442K, committed 35496K, reserved 1079296K
  class space    used 4421K, capacity 4775K, committed 4784K, reserved 1048576K
Event: 10.610 GC heap after
Heap after GC invocations=12 (full 2):
 PSYoungGen      total 175616K, used 0K [0x00000000d6200000, 0x00000000e1a00000, 0x0000000100000000)
  eden space 169472K, 0% used [0x00000000d6200000,0x00000000d6200000,0x00000000e0780000)
  from space 6144K, 0% used [0x00000000e1400000,0x00000000e1400000,0x00000000e1a00000)
  to   space 9216K, 0% used [0x00000000e0800000,0x00000000e0800000,0x00000000e1100000)
 ParOldGen       total 67584K, used 13291K [0x0000000082600000, 0x0000000086800000, 0x00000000d6200000)
  object space 67584K, 19% used [0x0000000082600000,0x00000000832fafc8,0x0000000086800000)
 Metaspace       used 33538K, capacity 35442K, committed 35496K, reserved 1079296K
  class space    used 4421K, capacity 4775K, committed 4784K, reserved 1048576K
}
Event: 12.519 GC heap before
{Heap before GC invocations=13 (full 2):
 PSYoungGen      total 175616K, used 169472K [0x00000000d6200000, 0x00000000e1a00000, 0x0000000100000000)
  eden space 169472K, 100% used [0x00000000d6200000,0x00000000e0780000,0x00000000e0780000)
  from space 6144K, 0% used [0x00000000e1400000,0x00000000e1400000,0x00000000e1a00000)
  to   space 9216K, 0% used [0x00000000e0800000,0x00000000e0800000,0x00000000e1100000)
 ParOldGen       total 67584K, used 13291K [0x0000000082600000, 0x0000000086800000, 0x00000000d6200000)
  object space 67584K, 19% used [0x0000000082600000,0x00000000832fafc8,0x0000000086800000)
 Metaspace       used 36952K, capacity 38998K, committed 39208K, reserved 1083392K
  class space    used 4783K, capacity 5151K, committed 5168K, reserved 1048576K
Event: 12.530 GC heap after
Heap after GC invocations=13 (full 2):
 PSYoungGen      total 179200K, used 5693K [0x00000000d6200000, 0x00000000e5900000, 0x0000000100000000)
  eden space 169984K, 0% used [0x00000000d6200000,0x00000000d6200000,0x00000000e0800000)
  from space 9216K, 61% used [0x00000000e0800000,0x00000000e0d8f700,0x00000000e1100000)
  to   space 9216K, 0% used [0x00000000e5000000,0x00000000e5000000,0x00000000e5900000)
 ParOldGen       total 67584K, used 13299K [0x0000000082600000, 0x0000000086800000, 0x00000000d6200000)
  object space 67584K, 19% used [0x0000000082600000,0x00000000832fcfc8,0x0000000086800000)
 Metaspace       used 36952K, capacity 38998K, committed 39208K, reserved 1083392K
  class space    used 4783K, capacity 5151K, committed 5168K, reserved 1048576K
}
Event: 15.236 GC heap before
{Heap before GC invocations=14 (full 2):
 PSYoungGen      total 179200K, used 175677K [0x00000000d6200000, 0x00000000e5900000, 0x0000000100000000)
  eden space 169984K, 100% used [0x00000000d6200000,0x00000000e0800000,0x00000000e0800000)
  from space 9216K, 61% used [0x00000000e0800000,0x00000000e0d8f700,0x00000000e1100000)
  to   space 9216K, 0% used [0x00000000e5000000,0x00000000e5000000,0x00000000e5900000)
 ParOldGen       total 67584K, used 13299K [0x0000000082600000, 0x0000000086800000, 0x00000000d6200000)
  object space 67584K, 19% used [0x0000000082600000,0x00000000832fcfc8,0x0000000086800000)
 Metaspace       used 40814K, capacity 43498K, committed 43688K, reserved 1087488K
  class space    used 5356K, capacity 5801K, committed 5808K, reserved 1048576K
Event: 15.275 GC heap after
Heap after GC invocations=14 (full 2):
 PSYoungGen      total 239104K, used 8594K [0x00000000d6200000, 0x00000000e5880000, 0x0000000100000000)
  eden space 230400K, 0% used [0x00000000d6200000,0x00000000d6200000,0x00000000e4300000)
  from space 8704K, 98% used [0x00000000e5000000,0x00000000e58648c0,0x00000000e5880000)
  to   space 9728K, 0% used [0x00000000e4580000,0x00000000e4580000,0x00000000e4f00000)
 ParOldGen       total 67584K, used 16867K [0x0000000082600000, 0x0000000086800000, 0x00000000d6200000)
  object space 67584K, 24% used [0x0000000082600000,0x0000000083678ff8,0x0000000086800000)
 Metaspace       used 40814K, capacity 43498K, committed 43688K, reserved 1087488K
  class space    used 5356K, capacity 5801K, committed 5808K, reserved 1048576K
}
Event: 19.800 GC heap before
{Heap before GC invocations=15 (full 2):
 PSYoungGen      total 239104K, used 238994K [0x00000000d6200000, 0x00000000e5880000, 0x0000000100000000)
  eden space 230400K, 100% used [0x00000000d6200000,0x00000000e4300000,0x00000000e4300000)
  from space 8704K, 98% used [0x00000000e5000000,0x00000000e58648c0,0x00000000e5880000)
  to   space 9728K, 0% used [0x00000000e4580000,0x00000000e4580000,0x00000000e4f00000)
 ParOldGen       total 67584K, used 16867K [0x0000000082600000, 0x0000000086800000, 0x00000000d6200000)
  object space 67584K, 24% used [0x0000000082600000,0x0000000083678ff8,0x0000000086800000)
 Metaspace       used 53947K, capacity 57092K, committed 57384K, reserved 1099776K
  class space    used 7111K, capacity 7644K, committed 7728K, reserved 1048576K
Event: 19.864 GC heap after
Heap after GC invocations=15 (full 2):
 PSYoungGen      total 240128K, used 9718K [0x00000000d6200000, 0x00000000e5880000, 0x0000000100000000)
  eden space 230400K, 0% used [0x00000000d6200000,0x00000000d6200000,0x00000000e4300000)
  from space 9728K, 99% used [0x00000000e4580000,0x00000000e4efdb88,0x00000000e4f00000)
  to   space 8704K, 0% used [0x00000000e5000000,0x00000000e5000000,0x00000000e5880000)
 ParOldGen       total 67584K, used 26839K [0x0000000082600000, 0x0000000086800000, 0x00000000d6200000)
  object space 67584K, 39% used [0x0000000082600000,0x0000000084035cd8,0x0000000086800000)
 Metaspace       used 53947K, capacity 57092K, committed 57384K, reserved 1099776K
  class space    used 7111K, capacity 7644K, committed 7728K, reserved 1048576K
}

Deoptimization events (10 events):
Event: 19.113 Thread 0x00000000034d2800 Uncommon trap: reason=unstable_if action=reinterpret pc=0x00000000045795d0 method=java.util.Hashtable.put(Ljava/lang/Object;Ljava/lang/Object;)Ljava/lang/Object; @ 51
Event: 19.224 Thread 0x000000001ddc2800 Uncommon trap: reason=bimorphic action=maybe_recompile pc=0x0000000004ba4b00 method=java.util.regex.Pattern$Curly.match0(Ljava/util/regex/Matcher;IILjava/lang/CharSequence;)Z @ 141
Event: 19.245 Thread 0x000000001ddc2800 Uncommon trap: reason=bimorphic action=maybe_recompile pc=0x0000000004ba4b00 method=java.util.regex.Pattern$Curly.match0(Ljava/util/regex/Matcher;IILjava/lang/CharSequence;)Z @ 141
Event: 19.245 Thread 0x000000001ddc2800 Uncommon trap: reason=bimorphic action=maybe_recompile pc=0x0000000004ba4b1c method=java.util.regex.Pattern$Curly.match0(Ljava/util/regex/Matcher;IILjava/lang/CharSequence;)Z @ 170
Event: 19.245 Thread 0x000000001ddc2800 Uncommon trap: reason=bimorphic action=maybe_recompile pc=0x0000000004ba4b1c method=java.util.regex.Pattern$Curly.match0(Ljava/util/regex/Matcher;IILjava/lang/CharSequence;)Z @ 170
Event: 19.246 Thread 0x000000001ddc2800 Uncommon trap: reason=unstable_if action=reinterpret pc=0x00000000043103b0 method=java.net.URI.match(CJJ)Z @ 19
Event: 19.253 Thread 0x000000001ddc2800 Uncommon trap: reason=unstable_if action=reinterpret pc=0x0000000003f0e828 method=java.util.Properties.loadConvert([CII[C)Ljava/lang/String; @ 57
Event: 19.257 Thread 0x000000001ddc2800 Uncommon trap: reason=unstable_if action=reinterpret pc=0x0000000003f20c30 method=java.util.Properties.load0(Ljava/util/Properties$LineReader;)V @ 161
Event: 19.515 Thread 0x000000001ddc2800 Uncommon trap: reason=unstable_if action=reinterpret pc=0x0000000003f50ce4 method=java.util.TreeMap.put(Ljava/lang/Object;Ljava/lang/Object;)Ljava/lang/Object; @ 163
Event: 19.907 Thread 0x00000000034d2800 Uncommon trap: reason=unstable_if action=reinterpret pc=0x0000000003aa2ac4 method=sun.nio.cs.UTF_8$Decoder.decode([BII[C)I @ 30

Classes redefined (0 events):
No events

Internal exceptions (10 events):
Event: 17.872 Thread 0x00000000034d2800 Exception <a 'java/lang/ClassNotFoundException': > (0x00000000dfd6f1d8) thrown at [C:\re\workspace\8-2-build-windows-amd64-cygwin\jdk8u161\10277\hotspot\src\share\vm\prims\jni.cpp, line 735]
Event: 17.873 Thread 0x00000000034d2800 Exception <a 'java/lang/ClassNotFoundException': > (0x00000000dfd72e90) thrown at [C:\re\workspace\8-2-build-windows-amd64-cygwin\jdk8u161\10277\hotspot\src\share\vm\prims\jni.cpp, line 735]
Event: 17.873 Thread 0x00000000034d2800 Exception <a 'java/lang/ClassNotFoundException': > (0x00000000dfd76b68) thrown at [C:\re\workspace\8-2-build-windows-amd64-cygwin\jdk8u161\10277\hotspot\src\share\vm\prims\jni.cpp, line 735]
Event: 17.873 Thread 0x00000000034d2800 Exception <a 'java/lang/ClassNotFoundException': > (0x00000000dfd7a890) thrown at [C:\re\workspace\8-2-build-windows-amd64-cygwin\jdk8u161\10277\hotspot\src\share\vm\prims\jni.cpp, line 735]
Event: 17.937 Thread 0x00000000034d2800 Exception <a 'java/lang/ClassNotFoundException': > (0x00000000e00657c0) thrown at [C:\re\workspace\8-2-build-windows-amd64-cygwin\jdk8u161\10277\hotspot\src\share\vm\prims\jni.cpp, line 735]
Event: 17.937 Thread 0x00000000034d2800 Exception <a 'java/lang/ClassNotFoundException': > (0x00000000e0068500) thrown at [C:\re\workspace\8-2-build-windows-amd64-cygwin\jdk8u161\10277\hotspot\src\share\vm\prims\jni.cpp, line 735]
Event: 18.119 Thread 0x00000000034d2800 Exception <a 'java/lang/ClassNotFoundException': java/lang/ObjectCustomizer> (0x00000000e056e7e8) thrown at [C:\re\workspace\8-2-build-windows-amd64-cygwin\jdk8u161\10277\hotspot\src\share\vm\classfile\systemDictionary.cpp, line 210]
Event: 18.122 Thread 0x00000000034d2800 Exception <a 'java/lang/ClassNotFoundException': com/xuke/macrosite/UserTestCustomizer> (0x00000000e0590638) thrown at [C:\re\workspace\8-2-build-windows-amd64-cygwin\jdk8u161\10277\hotspot\src\share\vm\classfile\systemDictionary.cpp, line 210]
Event: 18.264 Thread 0x00000000034d2800 Exception <a 'java/lang/ClassNotFoundException': java/lang/Module> (0x00000000e0b0f698) thrown at [C:\re\workspace\8-2-build-windows-amd64-cygwin\jdk8u161\10277\hotspot\src\share\vm\classfile\systemDictionary.cpp, line 210]
Event: 19.093 Thread 0x00000000034d2800 Implicit null exception at 0x0000000003fe5f79 to 0x0000000003fe6091

Events (10 events):
Event: 19.950 loading class org/junit/jupiter/api/extension/AfterTestExecutionCallback
Event: 19.950 loading class org/junit/jupiter/api/extension/AfterTestExecutionCallback done
Event: 19.950 loading class org/junit/jupiter/engine/descriptor/TestMethodTestDescriptor$CallbackInvoker
Event: 19.950 loading class org/junit/jupiter/engine/descriptor/TestMethodTestDescriptor$CallbackInvoker done
Event: 19.951 loading class org/junit/platform/engine/support/hierarchical/ThrowableCollector
Event: 19.951 loading class org/junit/platform/engine/support/hierarchical/ThrowableCollector done
Event: 19.951 loading class org/junit/jupiter/api/extension/Extension
Event: 19.951 loading class org/junit/jupiter/api/extension/Extension done
Event: 19.951 loading class org/junit/platform/engine/support/hierarchical/ThrowableCollector
Event: 19.951 loading class org/junit/platform/engine/support/hierarchical/ThrowableCollector done


Dynamic libraries:
0x00007ff7edbd0000 - 0x00007ff7edc07000 	D:\Java\jdk\jdk-8\bin\java.exe
0x00007ff862a80000 - 0x00007ff862c70000 	C:\Windows\SYSTEM32\ntdll.dll
0x00007ff8617a0000 - 0x00007ff861852000 	C:\Windows\System32\KERNEL32.DLL
0x00007ff85fef0000 - 0x00007ff860195000 	C:\Windows\System32\KERNELBASE.dll
0x00007ff860b30000 - 0x00007ff860bd3000 	C:\Windows\System32\ADVAPI32.dll
0x00007ff860d50000 - 0x00007ff860dee000 	C:\Windows\System32\msvcrt.dll
0x00007ff861ad0000 - 0x00007ff861b67000 	C:\Windows\System32\sechost.dll
0x00007ff861940000 - 0x00007ff861a60000 	C:\Windows\System32\RPCRT4.dll
0x00007ff862560000 - 0x00007ff8626f5000 	C:\Windows\System32\USER32.dll
0x00007ff85fb60000 - 0x00007ff85fb81000 	C:\Windows\System32\win32u.dll
0x00007ff861cd0000 - 0x00007ff861cf6000 	C:\Windows\System32\GDI32.dll
0x00007ff85fd50000 - 0x00007ff85fee6000 	C:\Windows\System32\gdi32full.dll
0x00007ff860940000 - 0x00007ff8609de000 	C:\Windows\System32\msvcp_win.dll
0x00007ff85fa60000 - 0x00007ff85fb5a000 	C:\Windows\System32\ucrtbase.dll
0x00007ff844790000 - 0x00007ff844a14000 	C:\Windows\WinSxS\amd64_microsoft.windows.common-controls_6595b64144ccf1df_6.0.18362.1082_none_9e8193e1e45b25c1\COMCTL32.dll
0x00007ff862700000 - 0x00007ff862a35000 	C:\Windows\System32\combase.dll
0x00007ff85fbf0000 - 0x00007ff85fc70000 	C:\Windows\System32\bcryptPrimitives.dll
0x00007ff860d20000 - 0x00007ff860d4e000 	C:\Windows\System32\IMM32.DLL
0x00000000501c0000 - 0x0000000050292000 	D:\Java\jdk\jdk-8\jre\bin\msvcr100.dll
0x0000000075410000 - 0x0000000075caf000 	D:\Java\jdk\jdk-8\jre\bin\server\jvm.dll
0x00007ff861860000 - 0x00007ff861868000 	C:\Windows\System32\PSAPI.DLL
0x00007ff851b30000 - 0x00007ff851b54000 	C:\Windows\SYSTEM32\WINMM.dll
0x00007ff843770000 - 0x00007ff843779000 	C:\Windows\SYSTEM32\WSOCK32.dll
0x00007ff8538c0000 - 0x00007ff8538ca000 	C:\Windows\SYSTEM32\VERSION.dll
0x00007ff861b90000 - 0x00007ff861bff000 	C:\Windows\System32\WS2_32.dll
0x00007ff851b00000 - 0x00007ff851b2d000 	C:\Windows\SYSTEM32\winmmbase.dll
0x00007ff85fa10000 - 0x00007ff85fa5a000 	C:\Windows\System32\cfgmgr32.dll
0x00000000501b0000 - 0x00000000501bf000 	D:\Java\jdk\jdk-8\jre\bin\verify.dll
0x0000000050100000 - 0x0000000050129000 	D:\Java\jdk\jdk-8\jre\bin\java.dll
0x0000000050090000 - 0x00000000500b3000 	D:\Java\jdk\jdk-8\jre\bin\instrument.dll
0x0000000050190000 - 0x00000000501a6000 	D:\Java\jdk\jdk-8\jre\bin\zip.dll
0x00007ff860df0000 - 0x00007ff8614d7000 	C:\Windows\System32\SHELL32.dll
0x00007ff861590000 - 0x00007ff861639000 	C:\Windows\System32\shcore.dll
0x00007ff8601a0000 - 0x00007ff860920000 	C:\Windows\System32\windows.storage.dll
0x00007ff85f9c0000 - 0x00007ff85f9e3000 	C:\Windows\System32\profapi.dll
0x00007ff85f950000 - 0x00007ff85f99a000 	C:\Windows\System32\powrprof.dll
0x00007ff85f940000 - 0x00007ff85f950000 	C:\Windows\System32\UMPDC.dll
0x00007ff8616c0000 - 0x00007ff861712000 	C:\Windows\System32\shlwapi.dll
0x00007ff85f9a0000 - 0x00007ff85f9b1000 	C:\Windows\System32\kernel.appcore.dll
0x00007ff860920000 - 0x00007ff860937000 	C:\Windows\System32\cryptsp.dll
0x00007ff856a70000 - 0x00007ff856a8a000 	D:\JetBrains\apps\IDEA-U\ch-0\201.7223.91\bin\breakgen64.dll
0x00000000500e0000 - 0x00000000500fa000 	D:\Java\jdk\jdk-8\jre\bin\net.dll
0x00007ff85f140000 - 0x00007ff85f1a7000 	C:\Windows\system32\mswsock.dll
0x00000000500c0000 - 0x00000000500d1000 	D:\Java\jdk\jdk-8\jre\bin\nio.dll
0x0000000050080000 - 0x000000005008d000 	D:\Java\jdk\jdk-8\jre\bin\management.dll
0x00007ff83b090000 - 0x00007ff83b0a6000 	C:\Windows\system32\napinsp.dll
0x00007ff838760000 - 0x00007ff83877a000 	C:\Windows\system32\pnrpnsp.dll
0x00007ff85eea0000 - 0x00007ff85ef6b000 	C:\Windows\SYSTEM32\DNSAPI.dll
0x00007ff862010000 - 0x00007ff862018000 	C:\Windows\System32\NSI.dll
0x00007ff85ee60000 - 0x00007ff85ee9a000 	C:\Windows\SYSTEM32\IPHLPAPI.DLL
0x00007ff83b4b0000 - 0x00007ff83b4be000 	C:\Windows\System32\winrnr.dll
0x00007ff854a00000 - 0x00007ff854a1c000 	C:\Windows\system32\NLAapi.dll
0x00007ff857190000 - 0x00007ff8571a5000 	C:\Windows\system32\wshbth.dll
0x00007ff855a50000 - 0x00007ff855a5a000 	C:\Windows\System32\rasadhlp.dll
0x00007ff853be0000 - 0x00007ff853c57000 	C:\Windows\System32\fwpuclnt.dll
0x00007ff85fd20000 - 0x00007ff85fd46000 	C:\Windows\System32\bcrypt.dll

VM Arguments:
jvm_args: -ea -Didea.test.cyclic.buffer.size=1048576 -javaagent:D:\JetBrains\apps\IDEA-U\ch-0\201.7223.91\lib\idea_rt.jar=12698:D:\JetBrains\apps\IDEA-U\ch-0\201.7223.91\bin -Dfile.encoding=UTF-8 
java_command: com.intellij.rt.junit.JUnitStarter -ideVersion5 -junit5 com.xuke.macrosite.UserTest,getAllUserInfo
java_class_path (initial): D:\JetBrains\apps\IDEA-U\ch-0\201.7223.91\lib\idea_rt.jar;C:\Users\xuke\.m2\repository\org\junit\platform\junit-platform-launcher\1.6.2\junit-platform-launcher-1.6.2.jar;C:\Users\xuke\.m2\repository\org\apiguardian\apiguardian-api\1.1.0\apiguardian-api-1.1.0.jar;C:\Users\xuke\.m2\repository\org\junit\platform\junit-platform-engine\1.6.2\junit-platform-engine-1.6.2.jar;C:\Users\xuke\.m2\repository\org\opentest4j\opentest4j\1.2.0\opentest4j-1.2.0.jar;C:\Users\xuke\.m2\repository\org\junit\platform\junit-platform-commons\1.6.2\junit-platform-commons-1.6.2.jar;D:\JetBrains\apps\IDEA-U\ch-0\201.7223.91\plugins\junit\lib\junit5-rt.jar;D:\JetBrains\apps\IDEA-U\ch-0\201.7223.91\plugins\junit\lib\junit-rt.jar;D:\Java\jdk\jdk-8\jre\lib\charsets.jar;D:\Java\jdk\jdk-8\jre\lib\deploy.jar;D:\Java\jdk\jdk-8\jre\lib\ext\access-bridge-64.jar;D:\Java\jdk\jdk-8\jre\lib\ext\cldrdata.jar;D:\Java\jdk\jdk-8\jre\lib\ext\dnsns.jar;D:\Java\jdk\jdk-8\jre\lib\ext\jaccess.jar;D:\Java\jdk\jdk-8\jre\lib\ext\jfxrt.jar;D:\Java\jdk\jdk-8\jre\lib\ext\localedata.jar;D:\Java\jdk\jdk-8\jre\lib\ext\nashorn.jar;D:\Java\jdk\jdk-8\jre\lib\ext\sunec.jar;D:\Java\jdk\jdk-8\jre\lib\ext\sunjce_provider.jar;D:\Java\jdk\jdk-8\jre\lib\ext\sunmscapi.jar;D:\Java\jdk\jdk-8\jre\lib\ext\sunpkcs11.jar;D:\Java\jdk\jdk-8\jre\lib\ext\zipfs.jar;D:\Java\jdk\jdk-8\jre\lib\javaws.jar;D:\Java\jdk\jdk-8\jre\lib\jce.jar;D:\Java\jdk\jdk-8\jre\lib\jfr.jar;D:\Java\jdk\jdk-8\jre\lib\jfxswt.jar;D:\Java\jdk\jdk-8\jre\lib\jsse.jar;D:\Java\jdk\jdk-8\jre\lib\management-agent.jar;D:\Java\jdk\jdk-8\jre\lib\plugin.jar;D:\Java\jdk\jdk-8\jre\lib\resources.jar;D:\Java\jdk\jdk-8\jre\lib\rt.jar;D:\Java\java\macro-site-springboot\macro-site-admin\target\test-classes;D:\Java\java\macro-site-springboot\macro-site-admin\target\classes;D:\Java\java\macro-site-springboot\mybatis-generator\target\classes;D:\Java\java\macro-site-springboot\macro-site-security\target\classes;D:\Java\java\macro-site-springboot\macro-site-common\
Launcher Type: SUN_STANDARD

Environment Variables:
JAVA_HOME=D:\Java\jdk\jdk-8
PATH=C:\Program Files\VanDyke Software\Clients\;C:\WINDOWS\system32;C:\WINDOWS;C:\WINDOWS\System32\Wbem;C:\WINDOWS\System32\WindowsPowerShell\v1.0\;C:\WINDOWS\System32\OpenSSH\;C:\Program Files\Intel\WiFi\bin\;C:\Program Files\Common Files\Intel\WirelessCommon\;C:\Program Files\Docker\Docker\resources\bin;C:\ProgramData\DockerDesktop\version-bin;C:\Program Files (x86)\NVIDIA Corporation\PhysX\Common;C:\Program Files\NVIDIA Corporation\NVIDIA NvDLISR;D:\Matlab\matlab2020a\runtime\win64;D:\Matlab\matlab2020a\bin;D:\Matlab\matlab2020a\polyspace\bin;C:\Program Files\Wolfram Research\WolframScript\;D:\C\mingw64\bin;D:\Tools\Cygwin\bin;C:\Program Files\Docker\Docker;D:\developer\env\mysql-8.0.20-winx64\bin;D:\developer\env\elasticsearch-6.2.2\bin;D:\developer\env\kibana-6.2.2-windows-x86_64\bin;D:\developer\env\elasticsearch-6.2.2\bin;D:\developer\env\RabbitMQ Server\rabbitmq_server-3.7.14\sbin;D:\Java\apache-tomcat-9.0.33\bin;D:\Java\apache-maven-3.6.3\bin;D:\web\ffmpeg-20191215-ed9279a-win64-static\bin;D:\BigData\zookeeper\bin;D:\BigData\kafka\bin;D:\developer\env\redis-3.0.503;D:\Java\jdk\jdk-8\bin;D:\Java\jdk\jdk-8\jre\bin;D:\Python\Anaconda3\condabin;D:\Python\Anaconda3\Scripts;D:\Python\Anaconda3\Library\bin;D:\Python\Anaconda3\Library\mingw-w64\bin;D:\Python\Anaconda3;D:\Git\cmd;C:\Users\xuke\AppData\Local\Microsoft\WindowsApps;C:\Users\xuke\AppData\Roaming\npm;D:\Microsoft VS Code\bin;C:\Users\xuke\AppData\Local\atom\bin;D:\MongoDB\bin;C:\Users\xuke\AppData\Local\Microsoft\WindowsApps;D:\Tools\cmder;C:\Program Files\Bandizip\;C:\Program Files\OpenSSL-Win64;D:\JavaScript\nvm;C:\Program Files\nodejs;
USERNAME=xuke
OS=Windows_NT
PROCESSOR_IDENTIFIER=Intel64 Family 6 Model 142 Stepping 12, GenuineIntel



---------------  S Y S T E M  ---------------

OS: Windows 10.0 , 64 bit Build 18362 (10.0.18362.1082)

CPU:total 8 (initial active 8) (4 cores per cpu, 2 threads per core) family 6 model 142 stepping 12, cmov, cx8, fxsr, mmx, sse, sse2, sse3, ssse3, sse4.1, sse4.2, popcnt, avx, avx2, aes, clmul, erms, 3dnowpref, lzcnt, ht, tsc, tscinvbit, bmi1, bmi2, adx

Memory: 4k page, physical 8230644k(48232k free), swap 16619252k(6208k free)

vm_info: Java HotSpot(TM) 64-Bit Server VM (25.161-b12) for windows-amd64 JRE (1.8.0_161-b12), built on Dec 19 2017 17:52:25 by "java_re" with MS VC++ 10.0 (VS2010)

time: Tue Sep 15 17:21:20 2020
elapsed time: 19 seconds (0d 0h 0m 19s)

